2024-11-15 : AUSTRALIA ONE, Subtitle: Orion Nebula (M42)
2024-11-15 : AUSTRALIA ONE, Subtitle: Running Man Nebula (NGC 1977)
2024-11-15 : CANARY THREE, Subtitle: Flame Nebula (NGC 2024)
2024-11-15 : CANARY TWO, Subtitle: Orion Nebula (M42)
2024-11-15 : AUSTRALIA ONE, Subtitle: Running Man Nebula (NGC 1977)
2024-11-16 : CANARY ONE, Subtitle: Flame Nebula (NGC 2024)
2024-11-16 : CANARY THREE, Subtitle: Running Man Nebula (NGC 1977)
2024-11-16 : CANARY THREE, Subtitle: Orion Nebula (M42)
2024-11-17 : AUSTRALIA ONE, Subtitle: Running Man Nebula (NGC 1977)
2024-11-17 : AUSTRALIA ONE, Subtitle: Orion Nebula (M42)
2024-11-17 : CANARY THREE, Subtitle: Flame Nebula (NGC 2024)
2024-11-17 : CANARY TWO, Subtitle: Running Man Nebula (NGC 1977)
2024-11-17 : CANARY TWO, Subtitle: Orion Nebula (M42)
2024-11-18 : CANARY ONE, Subtitle: Flame Nebula (NGC 2024)
2024-11-18 : CANARY THREE, Subtitle: Running Man Nebula (NGC 1977)
2024-11-18 : CANARY TWO, Subtitle: Orion Nebula (M42)
2024-11-19 : CANARY THREE, Subtitle: Running Man Nebula (NGC 1977)
2024-11-19 : CANARY ONE, Subtitle: Flame Nebula (NGC 2024)
2024-11-19 : CHILE TWO, Subtitle: Orion Nebula (M42)
2024-11-19 : CHILE TWO, Subtitle: Running Man Nebula (NGC 1977)
2024-11-20 : AUSTRALIA ONE, Subtitle: Running Man Nebula (NGC 1977)
2024-11-20 : CANARY TWO, Subtitle: Orion Nebula (M42)
2024-11-20 : CANARY THREE, Subtitle: Flame Nebula (NGC 2024)
2024-11-22 : CANARY ONE, Subtitle: Running Man Nebula (NGC 1977)
2024-11-22 : CANARY TWO, Subtitle: Orion Nebula (M42)
2024-11-22 : CANARY FOUR, Subtitle: Horsehead Nebula (Barnard 33)
2024-11-23 : AUSTRALIA ONE, Subtitle: Horsehead Nebula (Barnard 33)
2024-11-23 : AUSTRALIA ONE, Subtitle: Running Man Nebula (NGC 1977)
2024-11-25 : AUSTRALIA ONE, Subtitle: Orion Nebula (M42)
2024-11-25 : AUSTRALIA ONE, Subtitle: Running Man Nebula (NGC 1977)
2024-11-25 : CHILE TWO, Subtitle: Horsehead Nebula (Barnard 33)
2024-11-26 : AUSTRALIA ONE, Subtitle: Running Man Nebula (NGC 1977)
2024-11-26 : CANARY TWO, Subtitle: Horsehead Nebula (Barnard 33)
2024-11-26 : CANARY ONE, Subtitle: Orion Nebula (M42)
2024-11-27 : AUSTRALIA ONE, Subtitle: Running Man Nebula (NGC 1977)
2024-11-27 : AUSTRALIA ONE, Subtitle: Horsehead Nebula (Barnard 33)
2024-11-27 : CANARY TWO, Subtitle: Orion Nebula (M42)
2024-11-28 : AUSTRALIA ONE, Subtitle: Horsehead Nebula (Barnard 33)
2024-11-28 : CANARY ONE, Subtitle: Orion Nebula (M42)
2024-11-29 : AUSTRALIA ONE, Subtitle: Horsehead Nebula (Barnard 33)
2024-11-29 : CANARY THREE, Subtitle: Running Man Nebula (NGC 1977)
2024-11-29 : CANARY THREE, Subtitle: Orion Nebula (M42)
